103.04.30 08:39 B d:\usr\svi\C_source\bx_attiva.c <-- delos /usr/svi/C_source bx_attiva.c
103.04.30 08:39 B d:\usr\svi\C_source\bx_daemon.c <-- delos /usr/svi/C_source bx_daemon.c
103.04.30 08:39 B d:\usr\svi\C_source\bx_function.c <-- delos /usr/svi/C_source bx_function.c
103.04.30 08:39 B d:\usr\svi\C_source\check_shm.c <-- delos /usr/svi/C_source check_shm.c
103.04.30 08:39 B d:\usr\svi\C_source\chk_user.c <-- delos /usr/svi/C_source chk_user.c
103.04.30 08:39 B d:\usr\svi\C_source\crcinf.c <-- delos /usr/svi/C_source crcinf.c
103.04.30 08:39 B d:\usr\svi\C_source\dls_help.c <-- delos /usr/svi/C_source dls_help.c
103.04.30 08:39 B d:\usr\svi\C_source\dls_include.h <-- delos /usr/svi/C_source dls_include.h
103.04.30 08:39 B d:\usr\svi\C_source\err_msg.c <-- delos /usr/svi/C_source err_msg.c
103.04.30 08:39 B d:\usr\svi\C_source\fgiusr.c <-- delos /usr/svi/C_source fgiusr.c
103.04.30 08:39 B d:\usr\svi\C_source\fglExt.c <-- delos /usr/svi/C_source fglExt.c
103.04.30 08:39 B d:\usr\svi\C_source\log_acct.c <-- delos /usr/svi/C_source log_acct.c
103.04.30 08:39 B d:\usr\svi\C_source\oraesatta.c <-- delos /usr/svi/C_source oraesatta.c
103.04.30 08:39 B d:\usr\svi\C_source\paghe.c <-- delos /usr/svi/C_source paghe.c
103.04.30 08:39 B d:\usr\svi\C_source\paytv.h <-- delos /usr/svi/C_source paytv.h
103.04.30 08:39 B d:\usr\svi\C_source\pt_attiva.c <-- delos /usr/svi/C_source pt_attiva.c
103.04.30 08:39 B d:\usr\svi\C_source\pt_daemon.c <-- delos /usr/svi/C_source pt_daemon.c
103.04.30 08:39 B d:\usr\svi\C_source\put_env.c <-- delos /usr/svi/C_source put_env.c
103.04.30 08:39 B d:\usr\svi\C_source\read_env.c <-- delos /usr/svi/C_source read_env.c
103.04.30 08:39 B d:\usr\svi\C_source\tableau.c <-- delos /usr/svi/C_source tableau.c
103.04.30 08:39 B d:\usr\svi\C_source\tableau.h <-- delos /usr/svi/C_source tableau.h
103.04.30 08:39 B d:\usr\svi\C_source\tags <-- delos /usr/svi/C_source tags
103.04.30 08:39 B d:\usr\svi\C_source\terminale.c <-- delos /usr/svi/C_source terminale.c
